<?xml version="1.0" encoding="UTF-8"?>
<!-- Generated by org.testng.reporters.JUnitXMLReporter -->
<testsuite ignored="0" hostname="DESKTOP-KSHARRN" failures="2" tests="2" name="Surefire test" time="9.813" errors="0" timestamp="2021-08-09T23:19:10 BST">
  <testcase classname="Tests" name="assertCopyright" time="2.759">
    <failure type="java.lang.NullPointerException">
      <![CDATA[java.lang.NullPointerException
at HomePage.readFooterCopyrightText(HomePage.java:30)
at Tests.assertCopyright(Tests.java:26)
at java.base/java.util.ArrayList.forEach(ArrayList.java:1540)
... Removed 32 stack frames]]>
    </failure>
  </testcase> <!-- assertCopyright -->
  <testcase classname="Tests" name="loginFailure" time="2.081">
    <failure type="java.lang.NullPointerException">
      <![CDATA[java.lang.NullPointerException
at HomePage.clickLoginButton(HomePage.java:26)
at Tests.loginFailure(Tests.java:33)
at java.base/java.util.ArrayList.forEach(ArrayList.java:1540)
... Removed 32 stack frames]]>
    </failure>
  </testcase> <!-- loginFailure -->
</testsuite> <!-- Surefire test -->
